<?xml version="1.0" encoding="UTF-8"?>
<!-- Generated by org.testng.reporters.JUnitXMLReporter -->
<testsuite hostname="LAPTOP-F56PNM75" ignored="0" name="Test" tests="1" failures="1" timestamp="06 Apr 2021 04:30:18 GMT" time="74.668" errors="0">
  <testcase name="shopCoffeeLabel" time="49.539" classname="website.tests.TC_Beanz_ShopCoffee_Test">
    <failure type="java.lang.AssertionError" message="Exception occured hence failing the test case.">
      <![CDATA[java.lang.AssertionError: Exception occured hence failing the test case.
at website.tests.TC_Beanz_ShopCoffee_Test.shopCoffeeLabel(TC_Beanz_ShopCoffee_Test.java:97)
... Removed 26 stack frames]]>
    </failure>
  </testcase> <!-- shopCoffeeLabel -->
</testsuite> <!-- Test -->
