<?xml version="1.0" encoding="UTF-8"?>
<!-- Generated by org.testng.reporters.JUnitXMLReporter -->
<testsuite hostname="ce-1094" ignored="6" name="Test" tests="9" failures="0" timestamp="2020-05-06T18:18:29 IST" time="135.521" errors="0">
  <testcase name="verifyHomePage" time="0.048" classname="website.tests.HomeTest"/>
  <testcase name="verifyLabels" time="0.338" classname="website.tests.HomeTest"/>
  <testcase name="verifyProducts" time="0.382" classname="website.tests.HomeTest"/>
  <testcase name="verifyPartsAndAccessories" time="0.337" classname="website.tests.HomeTest"/>
  <testcase name="verifySearchFunction" time="6.853" classname="website.tests.SearchTest"/>
  <testcase name="verifySearchFunction" time="6.645" classname="website.tests.SearchTest"/>
  <testcase name="addItemToCart" time="30.292" classname="website.tests.AddToCartTest"/>
  <testcase name="removeTheItemFromCart" time="5.415" classname="website.tests.AddToCartTest"/>
  <testcase name="completeTillPayment" time="64.445" classname="website.tests.AddToCartTest"/>
  <testcase name="@BeforeSuite initBaseConfig" time="0.0" classname="website.base.BaseTest">
    <ignored/>
  </testcase> <!-- @BeforeSuite initBaseConfig -->
  <testcase name="@BeforeSuite initBaseConfig" time="0.0" classname="website.base.BaseTest">
    <ignored/>
  </testcase> <!-- @BeforeSuite initBaseConfig -->
  <testcase name="@BeforeTest setUp" time="0.0" classname="website.base.BaseTest">
    <ignored/>
  </testcase> <!-- @BeforeTest setUp -->
  <testcase name="@BeforeTest setUp" time="0.0" classname="website.base.BaseTest">
    <ignored/>
  </testcase> <!-- @BeforeTest setUp -->
  <testcase name="@AfterSuite tearDown" time="0.0" classname="website.base.BaseTest">
    <ignored/>
  </testcase> <!-- @AfterSuite tearDown -->
  <testcase name="@AfterSuite tearDown" time="0.0" classname="website.base.BaseTest">
    <ignored/>
  </testcase> <!-- @AfterSuite tearDown -->
</testsuite> <!-- Test -->
