<?xml version="1.0" encoding="UTF-8"?>
<testsuite xmlns:xsi="http://www.w3.org/2001/XMLSchema-instance" xsi:noNamespaceSchemaLocation="https://maven.apache.org/surefire/maven-surefire-plugin/xsd/surefire-test-report-3.0.xsd" version="3.0" name="TestSuite" time="278.839" tests="9" errors="0" skipped="0" failures="2">
  <properties>
[...]
</properties>
  <testcase name="verifyHomePage" classname="website.tests.HomeTest" time="0.009"/>
  <testcase name="verifyLabels" classname="website.tests.HomeTest" time="0.362"/>
  <testcase name="verifyProducts" classname="website.tests.HomeTest" time="0.335"/>
  <testcase name="verifyPartsAndAccessories" classname="website.tests.HomeTest" time="0.361"/>
  <testcase name="verifySearchFunction" classname="website.tests.SearchTest" time="8.384"/>
  <testcase name="verifySearchFunction" classname="website.tests.SearchTest" time="6.846"/>
  <testcase name="addItemToCart" classname="website.tests.AddToCartTest" time="0.082">
    <failure message="unknown error: Element &lt;li class=&quot;header--full-height header__dropdown header__products js-nav-link&quot; data-header-link-label=&quot;Products&quot;&gt;...&lt;/li&gt; is not clickable at point (231, 37). Other element would receive the click: &lt;div class=&quot;dialog__overlay&quot; tabindex=&quot;-1&quot;&gt;&lt;/div&gt;&#10;  (Session info: chrome=66.0.3359.117)&#10;  (Driver info: chromedriver=2.40.565383 (76257d1ab79276b2d53ee976b2c3e3b9f335cde7),platform=Linux 4.15.0-88-generic x86_64) (WARNING: The server did not provide any stacktrace information)&#10;Command duration or timeout: 0 milliseconds&#10;Build info: version: &apos;3.141.59&apos;, revision: &apos;e82be7d358&apos;, time: &apos;2018-11-14T08:17:03&apos;&#10;System info: host: &apos;ce-1094&apos;, ip: &apos;127.0.1.1&apos;, os.name: &apos;Linux&apos;, os.arch: &apos;amd64&apos;, os.version: &apos;4.15.0-88-generic&apos;, java.version: &apos;1.8.0_252&apos;&#10;Driver info: org.openqa.selenium.chrome.ChromeDriver&#10;Capabilities {acceptInsecureCerts: false, acceptSslCerts: false, applicationCacheEnabled: false, browserConnectionEnabled: false, browserName: chrome, chrome: {chromedriverVersion: 2.40.565383 (76257d1ab79276..., userDataDir: /tmp/.org.chromium.Chromium...}, cssSelectorsEnabled: true, databaseEnabled: false, handlesAlerts: true, hasTouchScreen: false, javascriptEnabled: true, locationContextEnabled: true, mobileEmulationEnabled: false, nativeEvents: true, networkConnectionEnabled: false, pageLoadStrategy: normal, platform: LINUX, platformName: LINUX, rotatable: false, setWindowRect: true, takesHeapSnapshot: true, takesScreenshot: true, unexpectedAlertBehaviour: , unhandledPromptBehavior: , version: 66.0.3359.117, webStorageEnabled: true}&#10;Session ID: 319c33bd42224c0f2393ab79d9b41cc4" type="org.openqa.selenium.WebDriverException"><![CDATA[org.openqa.selenium.WebDriverException: 
unknown error: Element <li class="header--full-height header__dropdown header__products js-nav-link" data-header-link-label="Products">...</li> is not clickable at point (231, 37). Other element would receive the click: <div class="dialog__overlay" tabindex="-1"></div>
  (Session info: chrome=66.0.3359.117)
  (Driver info: chromedriver=2.40.565383 (76257d1ab79276b2d53ee976b2c3e3b9f335cde7),platform=Linux 4.15.0-88-generic x86_64) (WARNING: The server did not provide any stacktrace information)
Command duration or timeout: 0 milliseconds
Build info: version: '3.141.59', revision: 'e82be7d358', time: '2018-11-14T08:17:03'
System info: host: 'ce-1094', ip: '127.0.1.1', os.name: 'Linux', os.arch: 'amd64', os.version: '4.15.0-88-generic', java.version: '1.8.0_252'
Driver info: org.openqa.selenium.chrome.ChromeDriver
Capabilities {acceptInsecureCerts: false, acceptSslCerts: false, applicationCacheEnabled: false, browserConnectionEnabled: false, browserName: chrome, chrome: {chromedriverVersion: 2.40.565383 (76257d1ab79276..., userDataDir: /tmp/.org.chromium.Chromium...}, cssSelectorsEnabled: true, databaseEnabled: false, handlesAlerts: true, hasTouchScreen: false, javascriptEnabled: true, locationContextEnabled: true, mobileEmulationEnabled: false, nativeEvents: true, networkConnectionEnabled: false, pageLoadStrategy: normal, platform: LINUX, platformName: LINUX, rotatable: false, setWindowRect: true, takesHeapSnapshot: true, takesScreenshot: true, unexpectedAlertBehaviour: , unhandledPromptBehavior: , version: 66.0.3359.117, webStorageEnabled: true}
Session ID: 319c33bd42224c0f2393ab79d9b41cc4
	at website.tests.AddToCartTest.addItemToCart(AddToCartTest.java:22)
]]></failure>
  </testcase>
  <testcase name="completeTillPayment" classname="website.tests.AddToCartTest" time="63.802"/>
  <testcase name="removeTheItemFromCart" classname="website.tests.AddToCartTest" time="180.142">
    <failure message="no such element: Unable to locate element: {&quot;method&quot;:&quot;css selector&quot;,&quot;selector&quot;:&quot;button[class$=&apos;remove&apos;]&quot;}&#10;  (Session info: chrome=66.0.3359.117)&#10;  (Driver info: chromedriver=2.40.565383 (76257d1ab79276b2d53ee976b2c3e3b9f335cde7),platform=Linux 4.15.0-88-generic x86_64) (WARNING: The server did not provide any stacktrace information)&#10;Command duration or timeout: 0 milliseconds&#10;For documentation on this error, please visit: https://www.seleniumhq.org/exceptions/no_such_element.html&#10;Build info: version: &apos;3.141.59&apos;, revision: &apos;e82be7d358&apos;, time: &apos;2018-11-14T08:17:03&apos;&#10;System info: host: &apos;ce-1094&apos;, ip: &apos;127.0.1.1&apos;, os.name: &apos;Linux&apos;, os.arch: &apos;amd64&apos;, os.version: &apos;4.15.0-88-generic&apos;, java.version: &apos;1.8.0_252&apos;&#10;Driver info: org.openqa.selenium.chrome.ChromeDriver&#10;Capabilities {acceptInsecureCerts: false, acceptSslCerts: false, applicationCacheEnabled: false, browserConnectionEnabled: false, browserName: chrome, chrome: {chromedriverVersion: 2.40.565383 (76257d1ab79276..., userDataDir: /tmp/.org.chromium.Chromium...}, cssSelectorsEnabled: true, databaseEnabled: false, handlesAlerts: true, hasTouchScreen: false, javascriptEnabled: true, locationContextEnabled: true, mobileEmulationEnabled: false, nativeEvents: true, networkConnectionEnabled: false, pageLoadStrategy: normal, platform: LINUX, platformName: LINUX, rotatable: false, setWindowRect: true, takesHeapSnapshot: true, takesScreenshot: true, unexpectedAlertBehaviour: , unhandledPromptBehavior: , version: 66.0.3359.117, webStorageEnabled: true}&#10;Session ID: 319c33bd42224c0f2393ab79d9b41cc4&#10;*** Element info: {Using=css selector, value=button[class$=&apos;remove&apos;]}" type="org.openqa.selenium.NoSuchElementException"><![CDATA[org.openqa.selenium.NoSuchElementException: 
no such element: Unable to locate element: {"method":"css selector","selector":"button[class$='remove']"}
  (Session info: chrome=66.0.3359.117)
  (Driver info: chromedriver=2.40.565383 (76257d1ab79276b2d53ee976b2c3e3b9f335cde7),platform=Linux 4.15.0-88-generic x86_64) (WARNING: The server did not provide any stacktrace information)
Command duration or timeout: 0 milliseconds
For documentation on this error, please visit: https://www.seleniumhq.org/exceptions/no_such_element.html
Build info: version: '3.141.59', revision: 'e82be7d358', time: '2018-11-14T08:17:03'
System info: host: 'ce-1094', ip: '127.0.1.1', os.name: 'Linux', os.arch: 'amd64', os.version: '4.15.0-88-generic', java.version: '1.8.0_252'
Driver info: org.openqa.selenium.chrome.ChromeDriver
Capabilities {acceptInsecureCerts: false, acceptSslCerts: false, applicationCacheEnabled: false, browserConnectionEnabled: false, browserName: chrome, chrome: {chromedriverVersion: 2.40.565383 (76257d1ab79276..., userDataDir: /tmp/.org.chromium.Chromium...}, cssSelectorsEnabled: true, databaseEnabled: false, handlesAlerts: true, hasTouchScreen: false, javascriptEnabled: true, locationContextEnabled: true, mobileEmulationEnabled: false, nativeEvents: true, networkConnectionEnabled: false, pageLoadStrategy: normal, platform: LINUX, platformName: LINUX, rotatable: false, setWindowRect: true, takesHeapSnapshot: true, takesScreenshot: true, unexpectedAlertBehaviour: , unhandledPromptBehavior: , version: 66.0.3359.117, webStorageEnabled: true}
Session ID: 319c33bd42224c0f2393ab79d9b41cc4
*** Element info: {Using=css selector, value=button[class$='remove']}
	at website.tests.AddToCartTest.removeTheItemFromCart(AddToCartTest.java:41)
]]></failure>
    <system-out><![CDATA[Exception>>Expected condition failed: waiting for element to be clickable: Proxy element for: DefaultElementLocator 'By.cssSelector: button[class$='remove']' (tried for 20 second(s) with 500 milliseconds interval)
]]></system-out>
  </testcase>
</testsuite>