<?xml version="1.0" encoding="UTF-8"?>
<testng-results skipped="0" failed="1" ignored="0" total="1" passed="0">
  <reporter-output>
  </reporter-output>
  <suite name="Suite" duration-ms="74668" started-at="2021-04-06T04:29:03Z" finished-at="2021-04-06T04:30:17Z">
    <groups>
    </groups>
    <test name="Test" duration-ms="74668" started-at="2021-04-06T04:29:03Z" finished-at="2021-04-06T04:30:17Z">
      <class name="website.tests.TC_Beanz_ShopCoffee_Test">
        <test-method status="PASS" signature="initBaseConfig()[pri:0, instance:website.tests.TC_Beanz_ShopCoffee_Test@9353778]" name="initBaseConfig" is-config="true" duration-ms="172" started-at="2021-04-06T04:29:03Z" finished-at="2021-04-06T04:29:03Z">
          <reporter-output>
          </reporter-output>
        </test-method> <!-- initBaseConfig -->
        <test-method status="PASS" signature="setUp(java.lang.String, java.lang.String, java.lang.String)[pri:0, instance:website.tests.TC_Beanz_ShopCoffee_Test@9353778]" name="setUp" is-config="true" duration-ms="21241" started-at="2021-04-06T04:29:05Z" finished-at="2021-04-06T04:29:26Z">
          <params>
            <param index="0">
              <value>
                <![CDATA[chrome]]>
              </value>
            </param>
            <param index="1">
              <value>
                <![CDATA[uat]]>
              </value>
            </param>
            <param index="2">
              <value>
                <![CDATA[mp]]>
              </value>
            </param>
          </params>
          <reporter-output>
          </reporter-output>
        </test-method> <!-- setUp -->
        <test-method status="FAIL" signature="shopCoffeeLabel([Ljava.lang.String;)[pri:0, instance:website.tests.TC_Beanz_ShopCoffee_Test@9353778]" name="shopCoffeeLabel" duration-ms="49539" started-at="2021-04-06T04:29:26Z" data-provider="orderflow" finished-at="2021-04-06T04:30:15Z">
          <params>
            <param index="0">
              <value>
                <![CDATA[[Ljava.lang.String;@778db7c5]]>
              </value>
            </param>
          </params>
          <exception class="java.lang.AssertionError">
            <message>
              <![CDATA[Exception occured hence failing the test case.]]>
            </message>
            <full-stacktrace>
              <![CDATA[java.lang.AssertionError: Exception occured hence failing the test case.
at org.testng.Assert.fail(Assert.java:96)
at website.tests.TC_Beanz_ShopCoffee_Test.shopCoffeeLabel(TC_Beanz_ShopCoffee_Test.java:97)
at sun.reflect.NativeMethodAccessorImpl.invoke0(Native Method)
at sun.reflect.NativeMethodAccessorImpl.invoke(NativeMethodAccessorImpl.java:62)
at sun.reflect.DelegatingMethodAccessorImpl.invoke(DelegatingMethodAccessorImpl.java:43)
at java.lang.reflect.Method.invoke(Method.java:498)
at org.testng.internal.MethodInvocationHelper.invokeMethod(MethodInvocationHelper.java:124)
at org.testng.internal.Invoker.invokeMethod(Invoker.java:583)
at org.testng.internal.Invoker.invokeTestMethod(Invoker.java:719)
at org.testng.internal.Invoker.invokeTestMethods(Invoker.java:989)
at org.testng.internal.TestMethodWorker.invokeTestMethods(TestMethodWorker.java:125)
at org.testng.internal.TestMethodWorker.run(TestMethodWorker.java:109)
at org.testng.TestRunner.privateRun(TestRunner.java:648)
at org.testng.TestRunner.run(TestRunner.java:505)
at org.testng.SuiteRunner.runTest(SuiteRunner.java:455)
at org.testng.SuiteRunner.runSequentially(SuiteRunner.java:450)
at org.testng.SuiteRunner.privateRun(SuiteRunner.java:415)
at org.testng.SuiteRunner.run(SuiteRunner.java:364)
at org.testng.SuiteRunnerWorker.runSuite(SuiteRunnerWorker.java:52)
at org.testng.SuiteRunnerWorker.run(SuiteRunnerWorker.java:84)
at org.testng.TestNG.runSuitesSequentially(TestNG.java:1208)
at org.testng.TestNG.runSuitesLocally(TestNG.java:1137)
at org.testng.TestNG.runSuites(TestNG.java:1049)
at org.testng.TestNG.run(TestNG.java:1017)
at org.testng.remote.AbstractRemoteTestNG.run(AbstractRemoteTestNG.java:114)
at org.testng.remote.RemoteTestNG.initAndRun(RemoteTestNG.java:251)
at org.testng.remote.RemoteTestNG.main(RemoteTestNG.java:77)
]]>
            </full-stacktrace>
          </exception> <!-- java.lang.AssertionError -->
          <reporter-output>
          </reporter-output>
        </test-method> <!-- shopCoffeeLabel -->
        <test-method status="PASS" signature="teardown(org.testng.ITestResult)[pri:0, instance:website.tests.TC_Beanz_ShopCoffee_Test@9353778]" name="teardown" is-config="true" duration-ms="2077" started-at="2021-04-06T04:30:15Z" finished-at="2021-04-06T04:30:17Z">
          <params>
            <param index="0">
              <value>
                <![CDATA[[TestResult name=shopCoffeeLabel status=FAILURE method=TC_Beanz_ShopCoffee_Test.shopCoffeeLabel([Ljava.lang.String;)[pri:0, instance:website.tests.TC_Beanz_ShopCoffee_Test@9353778] output={null}]]]>
              </value>
            </param>
          </params>
          <reporter-output>
          </reporter-output>
        </test-method> <!-- teardown -->
        <test-method status="PASS" signature="tearDown()[pri:0, instance:website.tests.TC_Beanz_ShopCoffee_Test@9353778]" name="tearDown" is-config="true" duration-ms="0" started-at="2021-04-06T04:30:17Z" finished-at="2021-04-06T04:30:17Z">
          <reporter-output>
          </reporter-output>
        </test-method> <!-- tearDown -->
      </class> <!-- website.tests.TC_Beanz_ShopCoffee_Test -->
    </test> <!-- Test -->
  </suite> <!-- Suite -->
</testng-results>
